<?xml version="1.0" encoding="UTF-8"?>
<!-- Generated by org.testng.reporters.JUnitXMLReporter -->
<testsuite hostname="DESKTOP-TEMHAD3" ignored="0" name="Default test" tests="3" failures="0" timestamp="05 Nov 2019 15:34:43 GMT" time="7.334" errors="0">
  <testcase name="IsPageLogoDisplayed" time="0.144" classname="com.demo.qa.testcases.ALoginPageTest"/>
  <testcase name="Validate_Page_Title" time="0.015" classname="com.demo.qa.testcases.ALoginPageTest"/>
  <testcase name="Login" time="7.12" classname="com.demo.qa.testcases.ALoginPageTest"/>
</testsuite> <!-- Default test -->
