<?xml version="1.0" encoding="UTF-8"?>
<!-- Generated by org.testng.reporters.JUnitXMLReporter -->
<testsuite hostname="DESKTOP-TEMHAD3" ignored="0" name="Command line test" tests="7" failures="0" timestamp="09 Nov 2019 13:20:08 GMT" time="140.992" errors="0">
  <testcase name="IsPageLogoDisplayed" time="0.114" classname="com.demo.qa.testcases.ALoginPageTest"/>
  <testcase name="Validate_Page_Title" time="0.008" classname="com.demo.qa.testcases.BHomePageTest"/>
  <testcase name="CreateAccount" time="3.804" classname="com.demo.qa.testcases.CStudentPageTest"/>
  <testcase name="Validate_Page_Title" time="0.011" classname="com.demo.qa.testcases.ALoginPageTest"/>
  <testcase name="Is_Student_Tab_Displayed" time="0.034" classname="com.demo.qa.testcases.BHomePageTest"/>
  <testcase name="Login" time="7.175" classname="com.demo.qa.testcases.ALoginPageTest"/>
  <testcase name="Open_Students_Tab" time="4.589" classname="com.demo.qa.testcases.BHomePageTest"/>
</testsuite> <!-- Command line test -->
