<?xml version="1.0" encoding="UTF-8"?>
<!-- Generated by org.testng.reporters.JUnitXMLReporter -->
<testsuite hostname="DESKTOP-TEMHAD3" ignored="0" name="Command line test" tests="7" failures="0" timestamp="09 Nov 2019 07:41:09 GMT" time="152.978" errors="0">
  <testcase name="IsPageLogoDisplayed" time="0.126" classname="com.demo.qa.testcases.ALoginPageTest"/>
  <testcase name="Validate_Page_Title" time="0.018" classname="com.demo.qa.testcases.BHomePageTest"/>
  <testcase name="CreateAccount" time="5.53" classname="com.demo.qa.testcases.CStudentPageTest"/>
  <testcase name="Validate_Page_Title" time="0.027" classname="com.demo.qa.testcases.ALoginPageTest"/>
  <testcase name="Is_Student_Tab_Displayed" time="0.09" classname="com.demo.qa.testcases.BHomePageTest"/>
  <testcase name="Login" time="5.671" classname="com.demo.qa.testcases.ALoginPageTest"/>
  <testcase name="Open_Students_Tab" time="2.588" classname="com.demo.qa.testcases.BHomePageTest"/>
</testsuite> <!-- Command line test -->
