<?xml version="1.0" encoding="UTF-8"?>
<!-- Generated by org.testng.reporters.JUnitXMLReporter -->
<testsuite hostname="DESKTOP-TEMHAD3" ignored="0" name="Test1" tests="7" failures="1" timestamp="10 Nov 2019 06:29:27 GMT" time="135.116" errors="0">
  <testcase name="IsPageLogoDisplayed" time="0.258" classname="com.demo.qa.testcases.ALoginPageTest"/>
  <testcase name="Validate_Page_Title" time="0.008" classname="com.demo.qa.testcases.BHomePageTest"/>
  <testcase name="CreateAccount" time="4.45" classname="com.demo.qa.testcases.CStudentPageTest">
    <failure type="java.lang.AssertionError" message="expected [false] but found [true]">
      <![CDATA[java.lang.AssertionError: expected [false] but found [true]
at com.demo.qa.testcases.CStudentPageTest.CreateAccount(CStudentPageTest.java:51)
... Removed 29 stack frames]]>
    </failure>
  </testcase> <!-- CreateAccount -->
  <testcase name="Validate_Page_Title" time="0.018" classname="com.demo.qa.testcases.ALoginPageTest"/>
  <testcase name="Is_Student_Tab_Displayed" time="0.063" classname="com.demo.qa.testcases.BHomePageTest"/>
  <testcase name="Login" time="4.229" classname="com.demo.qa.testcases.ALoginPageTest"/>
  <testcase name="Open_Students_Tab" time="3.36" classname="com.demo.qa.testcases.BHomePageTest"/>
</testsuite> <!-- Test1 -->
