<?xml version="1.0" encoding="UTF-8"?>
<!-- Generated by org.testng.reporters.JUnitXMLReporter -->
<testsuite hostname="DESKTOP-TEMHAD3" ignored="0" name="Test2" tests="3" failures="0" timestamp="08 Nov 2019 12:39:30 GMT" time="0.561" errors="0">
  <testcase name="Validate_Page_Title" time="0.03" classname="com.demo.qa.testcases.BHomePageTest"/>
  <testcase name="Is_Student_Tab_Displayed" time="0.181" classname="com.demo.qa.testcases.BHomePageTest"/>
  <testcase name="Open_Students_Tab" time="0.325" classname="com.demo.qa.testcases.BHomePageTest"/>
</testsuite> <!-- Test2 -->
