<?xml version="1.0" encoding="UTF-8"?>
<testng-results skipped="0" failed="0" ignored="0" total="7" passed="7">
  <reporter-output>
  </reporter-output>
  <suite name="Command line suite" duration-ms="152978" started-at="2019-11-09T07:38:36Z" finished-at="2019-11-09T07:41:09Z">
    <groups>
    </groups>
    <test name="Command line test" duration-ms="152978" started-at="2019-11-09T07:38:36Z" finished-at="2019-11-09T07:41:09Z">
      <class name="com.demo.qa.testcases.CStudentPageTest">
        <test-method status="PASS" signature="setup()[pri:0, instance:com.demo.qa.testcases.CStudentPageTest@26ba2a48]" name="setup" is-config="true" duration-ms="25300" started-at="2019-11-09T07:39:15Z" finished-at="2019-11-09T07:39:41Z">
          <reporter-output>
          </reporter-output>
        </test-method> <!-- setup -->
        <test-method status="PASS" signature="CreateAccount(java.lang.String, java.lang.String, java.lang.String, java.lang.String, java.lang.String, java.lang.String, java.lang.String, java.lang.String)[pri:1, instance:com.demo.qa.testcases.CStudentPageTest@26ba2a48]" name="CreateAccount" duration-ms="5530" started-at="2019-11-09T07:39:41Z" data-provider="getData" finished-at="2019-11-09T07:39:46Z">
          <params>
            <param index="0">
              <value>
                <![CDATA[4.29_r1_Anmol_S1_Prod]]>
              </value>
            </param>
            <param index="1">
              <value>
                <![CDATA[Test]]>
              </value>
            </param>
            <param index="2">
              <value>
                <![CDATA[User]]>
              </value>
            </param>
            <param index="3">
              <value>
                <![CDATA[Data]]>
              </value>
            </param>
            <param index="4">
              <value>
                <![CDATA[password]]>
              </value>
            </param>
            <param index="5">
              <value>
                <![CDATA[password]]>
              </value>
            </param>
            <param index="6">
              <value>
                <![CDATA[anmolaggarwal@qainfotech.com]]>
              </value>
            </param>
            <param index="7">
              <value>
                <![CDATA[anmolaggarwal@qainfotech.com]]>
              </value>
            </param>
          </params>
          <reporter-output>
          </reporter-output>
        </test-method> <!-- CreateAccount -->
        <test-method status="PASS" signature="TearDown()[pri:0, instance:com.demo.qa.testcases.CStudentPageTest@26ba2a48]" name="TearDown" is-config="true" duration-ms="692" started-at="2019-11-09T07:39:46Z" finished-at="2019-11-09T07:39:47Z">
          <reporter-output>
          </reporter-output>
        </test-method> <!-- TearDown -->
      </class> <!-- com.demo.qa.testcases.CStudentPageTest -->
      <class name="com.demo.qa.testcases.BHomePageTest">
        <test-method status="PASS" signature="setup()[pri:0, instance:com.demo.qa.testcases.BHomePageTest@42d3bd8b]" name="setup" is-config="true" duration-ms="20195" started-at="2019-11-09T07:38:53Z" finished-at="2019-11-09T07:39:13Z">
          <reporter-output>
          </reporter-output>
        </test-method> <!-- setup -->
        <test-method status="PASS" signature="Validate_Page_Title()[pri:1, instance:com.demo.qa.testcases.BHomePageTest@42d3bd8b]" name="Validate_Page_Title" duration-ms="18" started-at="2019-11-09T07:39:13Z" finished-at="2019-11-09T07:39:13Z">
          <reporter-output>
          </reporter-output>
        </test-method> <!-- Validate_Page_Title -->
        <test-method status="PASS" signature="TearDown()[pri:0, instance:com.demo.qa.testcases.BHomePageTest@42d3bd8b]" name="TearDown" is-config="true" duration-ms="775" started-at="2019-11-09T07:39:13Z" finished-at="2019-11-09T07:39:14Z">
          <reporter-output>
          </reporter-output>
        </test-method> <!-- TearDown -->
        <test-method status="PASS" signature="setup()[pri:0, instance:com.demo.qa.testcases.BHomePageTest@42d3bd8b]" name="setup" is-config="true" duration-ms="18232" started-at="2019-11-09T07:40:08Z" finished-at="2019-11-09T07:40:26Z">
          <reporter-output>
          </reporter-output>
        </test-method> <!-- setup -->
        <test-method status="PASS" signature="Is_Student_Tab_Displayed()[pri:2, instance:com.demo.qa.testcases.BHomePageTest@42d3bd8b]" name="Is_Student_Tab_Displayed" duration-ms="90" started-at="2019-11-09T07:40:26Z" finished-at="2019-11-09T07:40:26Z">
          <reporter-output>
          </reporter-output>
        </test-method> <!-- Is_Student_Tab_Displayed -->
        <test-method status="PASS" signature="TearDown()[pri:0, instance:com.demo.qa.testcases.BHomePageTest@42d3bd8b]" name="TearDown" is-config="true" duration-ms="676" started-at="2019-11-09T07:40:26Z" finished-at="2019-11-09T07:40:27Z">
          <reporter-output>
          </reporter-output>
        </test-method> <!-- TearDown -->
        <test-method status="PASS" signature="setup()[pri:0, instance:com.demo.qa.testcases.BHomePageTest@42d3bd8b]" name="setup" is-config="true" duration-ms="20411" started-at="2019-11-09T07:40:45Z" finished-at="2019-11-09T07:41:06Z">
          <reporter-output>
          </reporter-output>
        </test-method> <!-- setup -->
        <test-method status="PASS" signature="Open_Students_Tab()[pri:3, instance:com.demo.qa.testcases.BHomePageTest@42d3bd8b]" name="Open_Students_Tab" duration-ms="2588" started-at="2019-11-09T07:41:06Z" finished-at="2019-11-09T07:41:08Z">
          <reporter-output>
          </reporter-output>
        </test-method> <!-- Open_Students_Tab -->
        <test-method status="PASS" signature="TearDown()[pri:0, instance:com.demo.qa.testcases.BHomePageTest@42d3bd8b]" name="TearDown" is-config="true" duration-ms="683" started-at="2019-11-09T07:41:08Z" finished-at="2019-11-09T07:41:09Z">
          <reporter-output>
          </reporter-output>
        </test-method> <!-- TearDown -->
      </class> <!-- com.demo.qa.testcases.BHomePageTest -->
      <class name="com.demo.qa.testcases.ALoginPageTest">
        <test-method status="PASS" signature="setup()[pri:0, instance:com.demo.qa.testcases.ALoginPageTest@dfd3711]" name="setup" is-config="true" duration-ms="15656" started-at="2019-11-09T07:38:36Z" finished-at="2019-11-09T07:38:52Z">
          <reporter-output>
          </reporter-output>
        </test-method> <!-- setup -->
        <test-method status="PASS" signature="IsPageLogoDisplayed()[pri:1, instance:com.demo.qa.testcases.ALoginPageTest@dfd3711]" name="IsPageLogoDisplayed" duration-ms="126" started-at="2019-11-09T07:38:52Z" finished-at="2019-11-09T07:38:52Z">
          <reporter-output>
          </reporter-output>
        </test-method> <!-- IsPageLogoDisplayed -->
        <test-method status="PASS" signature="TearDown()[pri:0, instance:com.demo.qa.testcases.ALoginPageTest@dfd3711]" name="TearDown" is-config="true" duration-ms="703" started-at="2019-11-09T07:38:52Z" finished-at="2019-11-09T07:38:53Z">
          <reporter-output>
          </reporter-output>
        </test-method> <!-- TearDown -->
        <test-method status="PASS" signature="setup()[pri:0, instance:com.demo.qa.testcases.ALoginPageTest@dfd3711]" name="setup" is-config="true" duration-ms="20109" started-at="2019-11-09T07:39:47Z" finished-at="2019-11-09T07:40:07Z">
          <reporter-output>
          </reporter-output>
        </test-method> <!-- setup -->
        <test-method status="PASS" signature="Validate_Page_Title()[pri:2, instance:com.demo.qa.testcases.ALoginPageTest@dfd3711]" name="Validate_Page_Title" duration-ms="27" started-at="2019-11-09T07:40:07Z" finished-at="2019-11-09T07:40:07Z">
          <reporter-output>
          </reporter-output>
        </test-method> <!-- Validate_Page_Title -->
        <test-method status="PASS" signature="TearDown()[pri:0, instance:com.demo.qa.testcases.ALoginPageTest@dfd3711]" name="TearDown" is-config="true" duration-ms="882" started-at="2019-11-09T07:40:07Z" finished-at="2019-11-09T07:40:08Z">
          <reporter-output>
          </reporter-output>
        </test-method> <!-- TearDown -->
        <test-method status="PASS" signature="setup()[pri:0, instance:com.demo.qa.testcases.ALoginPageTest@dfd3711]" name="setup" is-config="true" duration-ms="12095" started-at="2019-11-09T07:40:27Z" finished-at="2019-11-09T07:40:39Z">
          <reporter-output>
          </reporter-output>
        </test-method> <!-- setup -->
        <test-method status="PASS" signature="Login()[pri:3, instance:com.demo.qa.testcases.ALoginPageTest@dfd3711]" name="Login" duration-ms="5671" started-at="2019-11-09T07:40:39Z" finished-at="2019-11-09T07:40:45Z">
          <reporter-output>
          </reporter-output>
        </test-method> <!-- Login -->
        <test-method status="PASS" signature="TearDown()[pri:0, instance:com.demo.qa.testcases.ALoginPageTest@dfd3711]" name="TearDown" is-config="true" duration-ms="729" started-at="2019-11-09T07:40:45Z" finished-at="2019-11-09T07:40:45Z">
          <reporter-output>
          </reporter-output>
        </test-method> <!-- TearDown -->
      </class> <!-- com.demo.qa.testcases.ALoginPageTest -->
    </test> <!-- Command line test -->
  </suite> <!-- Command line suite -->
</testng-results>
