<?xml version="1.0" encoding="UTF-8"?>
<testng-results skipped="0" failed="1" ignored="0" total="7" passed="6">
  <reporter-output>
  </reporter-output>
  <suite name="MyELT Automation Suite" duration-ms="135116" started-at="2019-11-10T06:27:11Z" finished-at="2019-11-10T06:29:26Z">
    <groups>
    </groups>
    <test name="Test1" duration-ms="135116" started-at="2019-11-10T06:27:11Z" finished-at="2019-11-10T06:29:26Z">
      <class name="com.demo.qa.testcases.CStudentPageTest">
        <test-method status="PASS" signature="setup()[pri:0, instance:com.demo.qa.testcases.CStudentPageTest@57fffcd7]" name="setup" is-config="true" duration-ms="17399" started-at="2019-11-10T06:27:55Z" finished-at="2019-11-10T06:28:12Z">
          <reporter-output>
          </reporter-output>
        </test-method> <!-- setup -->
        <test-method status="FAIL" signature="CreateAccount(java.lang.String, java.lang.String, java.lang.String, java.lang.String, java.lang.String, java.lang.String, java.lang.String, java.lang.String)[pri:1, instance:com.demo.qa.testcases.CStudentPageTest@57fffcd7]" name="CreateAccount" duration-ms="4450" started-at="2019-11-10T06:28:12Z" data-provider="getData" finished-at="2019-11-10T06:28:17Z">
          <params>
            <param index="0">
              <value>
                <![CDATA[4.29_r1_Anmol_S1_Prod1]]>
              </value>
            </param>
            <param index="1">
              <value>
                <![CDATA[Test]]>
              </value>
            </param>
            <param index="2">
              <value>
                <![CDATA[User]]>
              </value>
            </param>
            <param index="3">
              <value>
                <![CDATA[Data]]>
              </value>
            </param>
            <param index="4">
              <value>
                <![CDATA[password]]>
              </value>
            </param>
            <param index="5">
              <value>
                <![CDATA[password]]>
              </value>
            </param>
            <param index="6">
              <value>
                <![CDATA[anmolaggarwal@qainfotech.com]]>
              </value>
            </param>
            <param index="7">
              <value>
                <![CDATA[anmolaggarwal@qainfotech.com]]>
              </value>
            </param>
          </params>
          <exception class="java.lang.AssertionError">
            <message>
              <![CDATA[expected [false] but found [true]]]>
            </message>
            <full-stacktrace>
              <![CDATA[java.lang.AssertionError: expected [false] but found [true]
at org.testng.Assert.fail(Assert.java:96)
at org.testng.Assert.failNotEquals(Assert.java:776)
at org.testng.Assert.assertFalse(Assert.java:65)
at org.testng.Assert.assertFalse(Assert.java:75)
at com.demo.qa.testcases.CStudentPageTest.CreateAccount(CStudentPageTest.java:51)
at sun.reflect.NativeMethodAccessorImpl.invoke0(Native Method)
at sun.reflect.NativeMethodAccessorImpl.invoke(Unknown Source)
at sun.reflect.DelegatingMethodAccessorImpl.invoke(Unknown Source)
at java.lang.reflect.Method.invoke(Unknown Source)
at org.testng.internal.MethodInvocationHelper.invokeMethod(MethodInvocationHelper.java:124)
at org.testng.internal.Invoker.invokeMethod(Invoker.java:583)
at org.testng.internal.Invoker.invokeTestMethod(Invoker.java:719)
at org.testng.internal.Invoker.invokeTestMethods(Invoker.java:989)
at org.testng.internal.TestMethodWorker.invokeTestMethods(TestMethodWorker.java:125)
at org.testng.internal.TestMethodWorker.run(TestMethodWorker.java:109)
at org.testng.TestRunner.privateRun(TestRunner.java:648)
at org.testng.TestRunner.run(TestRunner.java:505)
at org.testng.SuiteRunner.runTest(SuiteRunner.java:455)
at org.testng.SuiteRunner.runSequentially(SuiteRunner.java:450)
at org.testng.SuiteRunner.privateRun(SuiteRunner.java:415)
at org.testng.SuiteRunner.run(SuiteRunner.java:364)
at org.testng.SuiteRunnerWorker.runSuite(SuiteRunnerWorker.java:52)
at org.testng.SuiteRunnerWorker.run(SuiteRunnerWorker.java:84)
at org.testng.TestNG.runSuitesSequentially(TestNG.java:1208)
at org.testng.TestNG.runSuitesLocally(TestNG.java:1137)
at org.testng.TestNG.runSuites(TestNG.java:1049)
at org.testng.TestNG.run(TestNG.java:1017)
at org.testng.remote.AbstractRemoteTestNG.run(AbstractRemoteTestNG.java:114)
at org.testng.remote.RemoteTestNG.initAndRun(RemoteTestNG.java:251)
at org.testng.remote.RemoteTestNG.main(RemoteTestNG.java:77)
]]>
            </full-stacktrace>
          </exception> <!-- java.lang.AssertionError -->
          <reporter-output>
          </reporter-output>
        </test-method> <!-- CreateAccount -->
        <test-method status="PASS" signature="TearDown()[pri:0, instance:com.demo.qa.testcases.CStudentPageTest@57fffcd7]" name="TearDown" is-config="true" duration-ms="791" started-at="2019-11-10T06:28:17Z" finished-at="2019-11-10T06:28:17Z">
          <reporter-output>
          </reporter-output>
        </test-method> <!-- TearDown -->
      </class> <!-- com.demo.qa.testcases.CStudentPageTest -->
      <class name="com.demo.qa.testcases.BHomePageTest">
        <test-method status="PASS" signature="setup()[pri:0, instance:com.demo.qa.testcases.BHomePageTest@3abbfa04]" name="setup" is-config="true" duration-ms="16713" started-at="2019-11-10T06:27:36Z" finished-at="2019-11-10T06:27:52Z">
          <reporter-output>
          </reporter-output>
        </test-method> <!-- setup -->
        <test-method status="PASS" signature="Validate_Page_Title()[pri:1, instance:com.demo.qa.testcases.BHomePageTest@3abbfa04]" name="Validate_Page_Title" duration-ms="8" started-at="2019-11-10T06:27:52Z" finished-at="2019-11-10T06:27:52Z">
          <reporter-output>
          </reporter-output>
        </test-method> <!-- Validate_Page_Title -->
        <test-method status="PASS" signature="TearDown()[pri:0, instance:com.demo.qa.testcases.BHomePageTest@3abbfa04]" name="TearDown" is-config="true" duration-ms="929" started-at="2019-11-10T06:27:52Z" finished-at="2019-11-10T06:27:53Z">
          <reporter-output>
          </reporter-output>
        </test-method> <!-- TearDown -->
        <test-method status="PASS" signature="setup()[pri:0, instance:com.demo.qa.testcases.BHomePageTest@3abbfa04]" name="setup" is-config="true" duration-ms="14807" started-at="2019-11-10T06:28:29Z" finished-at="2019-11-10T06:28:44Z">
          <reporter-output>
          </reporter-output>
        </test-method> <!-- setup -->
        <test-method status="PASS" signature="Is_Student_Tab_Displayed()[pri:2, instance:com.demo.qa.testcases.BHomePageTest@3abbfa04]" name="Is_Student_Tab_Displayed" duration-ms="63" started-at="2019-11-10T06:28:44Z" finished-at="2019-11-10T06:28:44Z">
          <reporter-output>
          </reporter-output>
        </test-method> <!-- Is_Student_Tab_Displayed -->
        <test-method status="PASS" signature="TearDown()[pri:0, instance:com.demo.qa.testcases.BHomePageTest@3abbfa04]" name="TearDown" is-config="true" duration-ms="725" started-at="2019-11-10T06:28:44Z" finished-at="2019-11-10T06:28:44Z">
          <reporter-output>
          </reporter-output>
        </test-method> <!-- TearDown -->
        <test-method status="PASS" signature="setup()[pri:0, instance:com.demo.qa.testcases.BHomePageTest@3abbfa04]" name="setup" is-config="true" duration-ms="22315" started-at="2019-11-10T06:28:59Z" finished-at="2019-11-10T06:29:22Z">
          <reporter-output>
          </reporter-output>
        </test-method> <!-- setup -->
        <test-method status="PASS" signature="Open_Students_Tab()[pri:3, instance:com.demo.qa.testcases.BHomePageTest@3abbfa04]" name="Open_Students_Tab" duration-ms="3360" started-at="2019-11-10T06:29:22Z" finished-at="2019-11-10T06:29:25Z">
          <reporter-output>
          </reporter-output>
        </test-method> <!-- Open_Students_Tab -->
        <test-method status="PASS" signature="TearDown()[pri:0, instance:com.demo.qa.testcases.BHomePageTest@3abbfa04]" name="TearDown" is-config="true" duration-ms="717" started-at="2019-11-10T06:29:25Z" finished-at="2019-11-10T06:29:26Z">
          <reporter-output>
          </reporter-output>
        </test-method> <!-- TearDown -->
      </class> <!-- com.demo.qa.testcases.BHomePageTest -->
      <class name="com.demo.qa.testcases.ALoginPageTest">
        <test-method status="PASS" signature="setup()[pri:0, instance:com.demo.qa.testcases.ALoginPageTest@239963d8]" name="setup" is-config="true" duration-ms="23987" started-at="2019-11-10T06:27:11Z" finished-at="2019-11-10T06:27:35Z">
          <reporter-output>
          </reporter-output>
        </test-method> <!-- setup -->
        <test-method status="PASS" signature="IsPageLogoDisplayed()[pri:1, instance:com.demo.qa.testcases.ALoginPageTest@239963d8]" name="IsPageLogoDisplayed" duration-ms="258" started-at="2019-11-10T06:27:35Z" finished-at="2019-11-10T06:27:35Z">
          <reporter-output>
          </reporter-output>
        </test-method> <!-- IsPageLogoDisplayed -->
        <test-method status="PASS" signature="TearDown()[pri:0, instance:com.demo.qa.testcases.ALoginPageTest@239963d8]" name="TearDown" is-config="true" duration-ms="774" started-at="2019-11-10T06:27:35Z" finished-at="2019-11-10T06:27:36Z">
          <reporter-output>
          </reporter-output>
        </test-method> <!-- TearDown -->
        <test-method status="PASS" signature="setup()[pri:0, instance:com.demo.qa.testcases.ALoginPageTest@239963d8]" name="setup" is-config="true" duration-ms="10363" started-at="2019-11-10T06:28:17Z" finished-at="2019-11-10T06:28:28Z">
          <reporter-output>
          </reporter-output>
        </test-method> <!-- setup -->
        <test-method status="PASS" signature="Validate_Page_Title()[pri:2, instance:com.demo.qa.testcases.ALoginPageTest@239963d8]" name="Validate_Page_Title" duration-ms="18" started-at="2019-11-10T06:28:28Z" finished-at="2019-11-10T06:28:28Z">
          <reporter-output>
          </reporter-output>
        </test-method> <!-- Validate_Page_Title -->
        <test-method status="PASS" signature="TearDown()[pri:0, instance:com.demo.qa.testcases.ALoginPageTest@239963d8]" name="TearDown" is-config="true" duration-ms="964" started-at="2019-11-10T06:28:28Z" finished-at="2019-11-10T06:28:29Z">
          <reporter-output>
          </reporter-output>
        </test-method> <!-- TearDown -->
        <test-method status="PASS" signature="setup()[pri:0, instance:com.demo.qa.testcases.ALoginPageTest@239963d8]" name="setup" is-config="true" duration-ms="9881" started-at="2019-11-10T06:28:44Z" finished-at="2019-11-10T06:28:54Z">
          <reporter-output>
          </reporter-output>
        </test-method> <!-- setup -->
        <test-method status="PASS" signature="Login()[pri:3, instance:com.demo.qa.testcases.ALoginPageTest@239963d8]" name="Login" duration-ms="4229" started-at="2019-11-10T06:28:54Z" finished-at="2019-11-10T06:28:59Z">
          <reporter-output>
          </reporter-output>
        </test-method> <!-- Login -->
        <test-method status="PASS" signature="TearDown()[pri:0, instance:com.demo.qa.testcases.ALoginPageTest@239963d8]" name="TearDown" is-config="true" duration-ms="802" started-at="2019-11-10T06:28:59Z" finished-at="2019-11-10T06:28:59Z">
          <reporter-output>
          </reporter-output>
        </test-method> <!-- TearDown -->
      </class> <!-- com.demo.qa.testcases.ALoginPageTest -->
    </test> <!-- Test1 -->
  </suite> <!-- MyELT Automation Suite -->
</testng-results>
